<?xml version="1.0" encoding="UTF-8"?>
<testsuite xmlns:xsi="http://www.w3.org/2001/XMLSchema-instance" xsi:noNamespaceSchemaLocation="https://maven.apache.org/surefire/maven-surefire-plugin/xsd/surefire-test-report.xsd" version="3.0.2" name="myProject.contactapp.database.ContactDatabaseTest" time="1.174" tests="1" errors="0" skipped="0" failures="0">
  <properties>
[...]
</properties>
  <testcase name="testDatabaseConnection" classname="myProject.contactapp.database.ContactDatabaseTest" time="0.953">
    <system-out><![CDATA[2024-12-18T11:58:49.371+01:00  INFO 7328 --- [contactapp] [           main] t.c.s.AnnotationConfigContextLoaderUtils : Could not detect default configuration classes for test class [myProject.contactapp.database.ContactDatabaseTest]: ContactDatabaseTest does not declare any static, non-private, non-final, nested classes annotated with @Configuration.
2024-12-18T11:58:49.461+01:00  INFO 7328 --- [contactapp] [           main] .b.t.c.SpringBootTestContextBootstrapper : Found @SpringBootConfiguration myProject.contactapp.ContactappApplication for test class myProject.contactapp.database.ContactDatabaseTest
2024-12-18T11:58:49.954+01:00 DEBUG 7328 --- [contactapp] [           main] org.hibernate.SQL                        : 
    insert 
    into
        contacts
        (full_name, notes, phone) 
    values
        (?, ?, ?)
Hibernate: 
    insert 
    into
        contacts
        (full_name, notes, phone) 
    values
        (?, ?, ?)
]]></system-out>
  </testcase>
</testsuite>